-------------------------------------------------------------------------------
Test set: com.pathus90.springbatchexample.SpringBatchExampleApplicationTests
-------------------------------------------------------------------------------
Tests run: 1, Failures: 0, Errors: 1, Skipped: 0, Time elapsed: 0.262 s <<< FAILURE! - in com.pathus90.springbatchexample.SpringBatchExampleApplicationTests
com.pathus90.springbatchexample.SpringBatchExampleApplicationTests  Time elapsed: 0.26 s  <<< ERROR!
java.lang.IllegalStateException: Unable to find a @SpringBootConfiguration, you need to use @ContextConfiguration or @SpringBootTest(classes=...) with your test

