<?xml version="1.0" encoding="UTF-8"?>
<testsuite xmlns:xsi="http://www.w3.org/2001/XMLSchema-instance" xsi:noNamespaceSchemaLocation="https://maven.apache.org/surefire/maven-surefire-plugin/xsd/surefire-test-report.xsd" name="com.pathus90.springbatchexample.SpringBatchExampleApplicationTests" time="0.262" tests="1" errors="1" skipped="0" failures="0">
  <properties>
[...]
</properties>
  <testcase name="com.pathus90.springbatchexample.SpringBatchExampleApplicationTests" classname="com.pathus90.springbatchexample.SpringBatchExampleApplicationTests" time="0.26">
    <error message="Unable to find a @SpringBootConfiguration, you need to use @ContextConfiguration or @SpringBootTest(classes=...) with your test" type="java.lang.IllegalStateException">java.lang.IllegalStateException: Unable to find a @SpringBootConfiguration, you need to use @ContextConfiguration or @SpringBootTest(classes=...) with your test
</error>
    <system-out><![CDATA[15:40:18.770 [main] DEBUG org.springframework.test.context.BootstrapUtils - Instantiating CacheAwareContextLoaderDelegate from class [org.springframework.test.context.cache.DefaultCacheAwareContextLoaderDelegate]
15:40:18.780 [main] DEBUG org.springframework.test.context.BootstrapUtils - Instantiating BootstrapContext using constructor [public org.springframework.test.context.support.DefaultBootstrapContext(java.lang.Class,org.springframework.test.context.CacheAwareContextLoaderDelegate)]
15:40:18.804 [main] DEBUG org.springframework.test.context.BootstrapUtils - Instantiating TestContextBootstrapper for test class [com.pathus90.springbatchexample.SpringBatchExampleApplicationTests] from class [org.springframework.boot.test.context.SpringBootTestContextBootstrapper]
15:40:18.816 [main] INFO org.springframework.boot.test.context.SpringBootTestContextBootstrapper - Neither @ContextConfiguration nor @ContextHierarchy found for test class [com.pathus90.springbatchexample.SpringBatchExampleApplicationTests], using SpringBootContextLoader
15:40:18.820 [main] DEBUG org.springframework.test.context.support.AbstractContextLoader - Did not detect default resource location for test class [com.pathus90.springbatchexample.SpringBatchExampleApplicationTests]: class path resource [com/pathus90/springbatchexample/SpringBatchExampleApplicationTests-context.xml] does not exist
15:40:18.820 [main] DEBUG org.springframework.test.context.support.AbstractContextLoader - Did not detect default resource location for test class [com.pathus90.springbatchexample.SpringBatchExampleApplicationTests]: class path resource [com/pathus90/springbatchexample/SpringBatchExampleApplicationTestsContext.groovy] does not exist
15:40:18.821 [main] INFO org.springframework.test.context.support.AbstractContextLoader - Could not detect default resource locations for test class [com.pathus90.springbatchexample.SpringBatchExampleApplicationTests]: no resource found for suffixes {-context.xml, Context.groovy}.
15:40:18.821 [main] INFO org.springframework.test.context.support.AnnotationConfigContextLoaderUtils - Could not detect default configuration classes for test class [com.pathus90.springbatchexample.SpringBatchExampleApplicationTests]: SpringBatchExampleApplicationTests does not declare any static, non-private, non-final, nested classes annotated with @Configuration.
15:40:18.855 [main] DEBUG org.springframework.test.context.support.ActiveProfilesUtils - Could not find an 'annotation declaring class' for annotation type [org.springframework.test.context.ActiveProfiles] and class [com.pathus90.springbatchexample.SpringBatchExampleApplicationTests]
15:40:18.905 [main] DEBUG org.springframework.test.context.BootstrapUtils - Instantiating CacheAwareContextLoaderDelegate from class [org.springframework.test.context.cache.DefaultCacheAwareContextLoaderDelegate]
15:40:18.906 [main] DEBUG org.springframework.test.context.BootstrapUtils - Instantiating BootstrapContext using constructor [public org.springframework.test.context.support.DefaultBootstrapContext(java.lang.Class,org.springframework.test.context.CacheAwareContextLoaderDelegate)]
15:40:18.906 [main] DEBUG org.springframework.test.context.BootstrapUtils - Instantiating TestContextBootstrapper for test class [com.pathus90.springbatchexample.SpringBatchExampleApplicationTests] from class [org.springframework.boot.test.context.SpringBootTestContextBootstrapper]
15:40:18.907 [main] INFO org.springframework.boot.test.context.SpringBootTestContextBootstrapper - Neither @ContextConfiguration nor @ContextHierarchy found for test class [com.pathus90.springbatchexample.SpringBatchExampleApplicationTests], using SpringBootContextLoader
15:40:18.908 [main] DEBUG org.springframework.test.context.support.AbstractContextLoader - Did not detect default resource location for test class [com.pathus90.springbatchexample.SpringBatchExampleApplicationTests]: class path resource [com/pathus90/springbatchexample/SpringBatchExampleApplicationTests-context.xml] does not exist
15:40:18.909 [main] DEBUG org.springframework.test.context.support.AbstractContextLoader - Did not detect default resource location for test class [com.pathus90.springbatchexample.SpringBatchExampleApplicationTests]: class path resource [com/pathus90/springbatchexample/SpringBatchExampleApplicationTestsContext.groovy] does not exist
15:40:18.910 [main] INFO org.springframework.test.context.support.AbstractContextLoader - Could not detect default resource locations for test class [com.pathus90.springbatchexample.SpringBatchExampleApplicationTests]: no resource found for suffixes {-context.xml, Context.groovy}.
15:40:18.910 [main] INFO org.springframework.test.context.support.AnnotationConfigContextLoaderUtils - Could not detect default configuration classes for test class [com.pathus90.springbatchexample.SpringBatchExampleApplicationTests]: SpringBatchExampleApplicationTests does not declare any static, non-private, non-final, nested classes annotated with @Configuration.
15:40:18.915 [main] DEBUG org.springframework.test.context.support.ActiveProfilesUtils - Could not find an 'annotation declaring class' for annotation type [org.springframework.test.context.ActiveProfiles] and class [com.pathus90.springbatchexample.SpringBatchExampleApplicationTests]
15:40:18.936 [main] DEBUG org.springframework.test.context.BootstrapUtils - Instantiating CacheAwareContextLoaderDelegate from class [org.springframework.test.context.cache.DefaultCacheAwareContextLoaderDelegate]
15:40:18.937 [main] DEBUG org.springframework.test.context.BootstrapUtils - Instantiating BootstrapContext using constructor [public org.springframework.test.context.support.DefaultBootstrapContext(java.lang.Class,org.springframework.test.context.CacheAwareContextLoaderDelegate)]
15:40:18.938 [main] DEBUG org.springframework.test.context.BootstrapUtils - Instantiating TestContextBootstrapper for test class [com.pathus90.springbatchexample.SpringBatchExampleApplicationTests] from class [org.springframework.boot.test.context.SpringBootTestContextBootstrapper]
15:40:18.940 [main] INFO org.springframework.boot.test.context.SpringBootTestContextBootstrapper - Neither @ContextConfiguration nor @ContextHierarchy found for test class [com.pathus90.springbatchexample.SpringBatchExampleApplicationTests], using SpringBootContextLoader
15:40:18.941 [main] DEBUG org.springframework.test.context.support.AbstractContextLoader - Did not detect default resource location for test class [com.pathus90.springbatchexample.SpringBatchExampleApplicationTests]: class path resource [com/pathus90/springbatchexample/SpringBatchExampleApplicationTests-context.xml] does not exist
15:40:18.942 [main] DEBUG org.springframework.test.context.support.AbstractContextLoader - Did not detect default resource location for test class [com.pathus90.springbatchexample.SpringBatchExampleApplicationTests]: class path resource [com/pathus90/springbatchexample/SpringBatchExampleApplicationTestsContext.groovy] does not exist
15:40:18.943 [main] INFO org.springframework.test.context.support.AbstractContextLoader - Could not detect default resource locations for test class [com.pathus90.springbatchexample.SpringBatchExampleApplicationTests]: no resource found for suffixes {-context.xml, Context.groovy}.
15:40:18.943 [main] INFO org.springframework.test.context.support.AnnotationConfigContextLoaderUtils - Could not detect default configuration classes for test class [com.pathus90.springbatchexample.SpringBatchExampleApplicationTests]: SpringBatchExampleApplicationTests does not declare any static, non-private, non-final, nested classes annotated with @Configuration.
15:40:18.947 [main] DEBUG org.springframework.test.context.support.ActiveProfilesUtils - Could not find an 'annotation declaring class' for annotation type [org.springframework.test.context.ActiveProfiles] and class [com.pathus90.springbatchexample.SpringBatchExampleApplicationTests]
]]></system-out>
  </testcase>
</testsuite>